<?xml version="1.0" encoding="UTF-8"?>
<testsuite xmlns:xsi="http://www.w3.org/2001/XMLSchema-instance" xsi:noNamespaceSchemaLocation="https://maven.apache.org/surefire/maven-surefire-plugin/xsd/surefire-test-report-3.0.xsd" version="3.0" name="salatosik.AppTest" time="0.096" tests="1" errors="0" skipped="0" failures="0">
  <properties>
    <property name="sun.desktop" value="windows"/>
    <property name="awt.toolkit" value="sun.awt.windows.WToolkit"/>
    <property name="file.encoding.pkg" value="sun.io"/>
    <property name="java.specification.version" value="1.8"/>
    <property name="sun.cpu.isalist" value="amd64"/>
    <property name="sun.jnu.encoding" value="Cp1251"/>
    <property name="java.class.path" value="C:\Users\Banseruk\Desktop\admin-commands-plugin\target\test-classes;C:\Users\Banseruk\Desktop\admin-commands-plugin\target\classes;C:\Users\Banseruk\.m2\repository\com\github\Anuken\Arc\arc-core\126.2\arc-core-126.2.jar;C:\Users\Banseruk\.m2\repository\com\github\Anuken\Mindustry\core\126.2\core-126.2.jar;C:\Users\Banseruk\.m2\repository\org\lz4\lz4-java\1.4.1\lz4-java-1.4.1.jar;C:\Users\Banseruk\.m2\repository\com\github\Anuken\Arc\freetype\c3e170325ca836f1939653ffbc01e76de9c6eb35\freetype-c3e170325ca836f1939653ffbc01e76de9c6eb35.jar;C:\Users\Banseruk\.m2\repository\com\github\Anuken\Arc\g3d\c3e170325ca836f1939653ffbc01e76de9c6eb35\g3d-c3e170325ca836f1939653ffbc01e76de9c6eb35.jar;C:\Users\Banseruk\.m2\repository\com\github\Anuken\Arc\fx\c3e170325ca836f1939653ffbc01e76de9c6eb35\fx-c3e170325ca836f1939653ffbc01e76de9c6eb35.jar;C:\Users\Banseruk\.m2\repository\com\github\Anuken\Arc\arcnet\c3e170325ca836f1939653ffbc01e76de9c6eb35\arcnet-c3e170325ca836f1939653ffbc01e76de9c6eb35.jar;C:\Users\Banseruk\.m2\repository\com\github\Anuken\rhino\378626d8abc552bba57864358358045d2f2dbe9b\rhino-378626d8abc552bba57864358358045d2f2dbe9b.jar;C:\Users\Banseruk\.m2\repository\org\xerial\sqlite-jdbc\3.36.0.3\sqlite-jdbc-3.36.0.3.jar;C:\Users\Banseruk\.m2\repository\org\junit\jupiter\junit-jupiter-api\5.6.0\junit-jupiter-api-5.6.0.jar;C:\Users\Banseruk\.m2\repository\org\apiguardian\apiguardian-api\1.1.0\apiguardian-api-1.1.0.jar;C:\Users\Banseruk\.m2\repository\org\opentest4j\opentest4j\1.2.0\opentest4j-1.2.0.jar;C:\Users\Banseruk\.m2\repository\org\junit\platform\junit-platform-commons\1.6.0\junit-platform-commons-1.6.0.jar;C:\Users\Banseruk\.m2\repository\org\junit\jupiter\junit-jupiter-engine\5.6.0\junit-jupiter-engine-5.6.0.jar;C:\Users\Banseruk\.m2\repository\org\junit\platform\junit-platform-engine\1.6.0\junit-platform-engine-1.6.0.jar;"/>
    <property name="java.vm.vendor" value="Oracle Corporation"/>
    <property name="sun.arch.data.model" value="64"/>
    <property name="user.variant" value=""/>
    <property name="java.vendor.url" value="http://java.oracle.com/"/>
    <property name="user.timezone" value="Europe/Helsinki"/>
    <property name="java.vm.specification.version" value="1.8"/>
    <property name="os.name" value="Windows 10"/>
    <property name="user.country" value="UA"/>
    <property name="sun.java.launcher" value="SUN_STANDARD"/>
    <property name="sun.boot.library.path" value="C:\Program Files\Java\jdk1.8.0_202\jre\bin"/>
    <property name="sun.java.command" value="C:\Users\Banseruk\AppData\Local\Temp\surefire5470929331000187929\surefirebooter4260568499553420805.jar C:\Users\Banseruk\AppData\Local\Temp\surefire5470929331000187929 2022-05-27T16-20-02_301-jvmRun1 surefire7872302102180614970tmp surefire_08014809956637910212tmp"/>
    <property name="surefire.test.class.path" value="C:\Users\Banseruk\Desktop\admin-commands-plugin\target\test-classes;C:\Users\Banseruk\Desktop\admin-commands-plugin\target\classes;C:\Users\Banseruk\.m2\repository\com\github\Anuken\Arc\arc-core\126.2\arc-core-126.2.jar;C:\Users\Banseruk\.m2\repository\com\github\Anuken\Mindustry\core\126.2\core-126.2.jar;C:\Users\Banseruk\.m2\repository\org\lz4\lz4-java\1.4.1\lz4-java-1.4.1.jar;C:\Users\Banseruk\.m2\repository\com\github\Anuken\Arc\freetype\c3e170325ca836f1939653ffbc01e76de9c6eb35\freetype-c3e170325ca836f1939653ffbc01e76de9c6eb35.jar;C:\Users\Banseruk\.m2\repository\com\github\Anuken\Arc\g3d\c3e170325ca836f1939653ffbc01e76de9c6eb35\g3d-c3e170325ca836f1939653ffbc01e76de9c6eb35.jar;C:\Users\Banseruk\.m2\repository\com\github\Anuken\Arc\fx\c3e170325ca836f1939653ffbc01e76de9c6eb35\fx-c3e170325ca836f1939653ffbc01e76de9c6eb35.jar;C:\Users\Banseruk\.m2\repository\com\github\Anuken\Arc\arcnet\c3e170325ca836f1939653ffbc01e76de9c6eb35\arcnet-c3e170325ca836f1939653ffbc01e76de9c6eb35.jar;C:\Users\Banseruk\.m2\repository\com\github\Anuken\rhino\378626d8abc552bba57864358358045d2f2dbe9b\rhino-378626d8abc552bba57864358358045d2f2dbe9b.jar;C:\Users\Banseruk\.m2\repository\org\xerial\sqlite-jdbc\3.36.0.3\sqlite-jdbc-3.36.0.3.jar;C:\Users\Banseruk\.m2\repository\org\junit\jupiter\junit-jupiter-api\5.6.0\junit-jupiter-api-5.6.0.jar;C:\Users\Banseruk\.m2\repository\org\apiguardian\apiguardian-api\1.1.0\apiguardian-api-1.1.0.jar;C:\Users\Banseruk\.m2\repository\org\opentest4j\opentest4j\1.2.0\opentest4j-1.2.0.jar;C:\Users\Banseruk\.m2\repository\org\junit\platform\junit-platform-commons\1.6.0\junit-platform-commons-1.6.0.jar;C:\Users\Banseruk\.m2\repository\org\junit\jupiter\junit-jupiter-engine\5.6.0\junit-jupiter-engine-5.6.0.jar;C:\Users\Banseruk\.m2\repository\org\junit\platform\junit-platform-engine\1.6.0\junit-platform-engine-1.6.0.jar;"/>
    <property name="sun.cpu.endian" value="little"/>
    <property name="user.home" value="C:\Users\Banseruk"/>
    <property name="user.language" value="uk"/>
    <property name="java.specification.vendor" value="Oracle Corporation"/>
    <property name="java.home" value="C:\Program Files\Java\jdk1.8.0_202\jre"/>
    <property name="basedir" value="C:\Users\Banseruk\Desktop\admin-commands-plugin"/>
    <property name="file.separator" value="\"/>
    <property name="line.separator" value="&#10;"/>
    <property name="java.vm.specification.vendor" value="Oracle Corporation"/>
    <property name="java.specification.name" value="Java Platform API Specification"/>
    <property name="java.awt.graphicsenv" value="sun.awt.Win32GraphicsEnvironment"/>
    <property name="surefire.real.class.path" value="C:\Users\Banseruk\AppData\Local\Temp\surefire5470929331000187929\surefirebooter4260568499553420805.jar"/>
    <property name="sun.boot.class.path" value="C:\Program Files\Java\jdk1.8.0_202\jre\lib\resources.jar;C:\Program Files\Java\jdk1.8.0_202\jre\lib\rt.jar;C:\Program Files\Java\jdk1.8.0_202\jre\lib\sunrsasign.jar;C:\Program Files\Java\jdk1.8.0_202\jre\lib\jsse.jar;C:\Program Files\Java\jdk1.8.0_202\jre\lib\jce.jar;C:\Program Files\Java\jdk1.8.0_202\jre\lib\charsets.jar;C:\Program Files\Java\jdk1.8.0_202\jre\lib\jfr.jar;C:\Program Files\Java\jdk1.8.0_202\jre\classes"/>
    <property name="user.script" value=""/>
    <property name="sun.management.compiler" value="HotSpot 64-Bit Tiered Compilers"/>
    <property name="java.runtime.version" value="1.8.0_202-b08"/>
    <property name="user.name" value="Banseruk"/>
    <property name="path.separator" value=";"/>
    <property name="os.version" value="10.0"/>
    <property name="java.endorsed.dirs" value="C:\Program Files\Java\jdk1.8.0_202\jre\lib\endorsed"/>
    <property name="java.runtime.name" value="Java(TM) SE Runtime Environment"/>
    <property name="file.encoding" value="Cp1251"/>
    <property name="java.vm.name" value="Java HotSpot(TM) 64-Bit Server VM"/>
    <property name="localRepository" value="C:\Users\Banseruk\.m2\repository"/>
    <property name="java.vendor.url.bug" value="http://bugreport.sun.com/bugreport/"/>
    <property name="java.io.tmpdir" value="C:\Users\Banseruk\AppData\Local\Temp\"/>
    <property name="java.version" value="1.8.0_202"/>
    <property name="user.dir" value="C:\Users\Banseruk\Desktop\admin-commands-plugin"/>
    <property name="os.arch" value="amd64"/>
    <property name="java.vm.specification.name" value="Java Virtual Machine Specification"/>
    <property name="java.awt.printerjob" value="sun.awt.windows.WPrinterJob"/>
    <property name="sun.os.patch.level" value=""/>
    <property name="java.library.path" value="C:\Program Files\Java\jdk1.8.0_202\jre\bin;C:\Windows\Sun\Java\bin;C:\Windows\system32;C:\Windows;C:\Program Files\Common Files\Oracle\Java\javapath;C:\Program Files (x86)\NVIDIA Corporation\PhysX\Common;C:\Program Files (x86)\Common Files\Oracle\Java\javapath;C:\Windows\system32;C:\Windows;C:\Windows\System32\Wbem;C:\Windows\System32\WindowsPowerShell\v1.0\;C:\Windows\System32\OpenSSH\;C:\Program Files\Java\jdk1.8.0_202\bin;C:\Program Files\Cloudflare\Cloudflare WARP\;C:\Program Files\Maven\apache-maven-3.8.5\bin;C:\Program Files\Git\cmd;C:\Program Files (x86)\ZeroTier\One\;C:\Users\Banseruk\AppData\Local\Programs\Python\Python38\Scripts\;C:\Users\Banseruk\AppData\Local\Programs\Python\Python38\;C:\Users\Banseruk\AppData\Local\Microsoft\WindowsApps;;C:\Program Files\JetBrains\IntelliJ IDEA Community Edition 2021.3.3\bin;;C:\Users\Banseruk\AppData\Local\Programs\Microsoft VS Code\bin;C:\Program Files\heroku\bin;."/>
    <property name="java.vm.info" value="mixed mode"/>
    <property name="java.vendor" value="Oracle Corporation"/>
    <property name="java.vm.version" value="25.202-b08"/>
    <property name="java.ext.dirs" value="C:\Program Files\Java\jdk1.8.0_202\jre\lib\ext;C:\Windows\Sun\Java\lib\ext"/>
    <property name="sun.io.unicode.encoding" value="UnicodeLittle"/>
    <property name="java.class.version" value="52.0"/>
  </properties>
  <testcase name="testApp" classname="salatosik.AppTest" time="0.061"/>
</testsuite>